2021-11-22 15:22:45,949  INFO [main] BigSmall:36 - Url has been hitted
2021-11-22 15:24:37,178  INFO [main] BigSmall:98 -  entered
2021-11-22 15:24:37,278  INFO [main] BigSmall:101 -  entered
2021-11-22 15:26:04,069  INFO [main] BigSmall:98 - simon@123 entered
2021-11-22 15:26:04,180  INFO [main] BigSmall:101 - abcd entered
2021-11-22 15:26:30,385  INFO [main] BigSmall:98 - JackNJill@gmail.com entered
2021-11-22 15:26:30,515  INFO [main] BigSmall:101 - JackNJill@123 entered
2021-11-22 15:26:41,192  INFO [main] BigSmall:31 - going to click on Pggggg
2021-11-22 15:27:04,846  INFO [main] BigSmall:56 - Successfully sorted the Price from High to low
2021-11-22 15:27:17,581  INFO [main] BigSmall:60 - Products has been Displayed
2021-11-22 15:28:17,842  INFO [main] BigSmall:78 - Returned to the Cart
2021-11-22 15:28:39,602  INFO [main] BigSmall:51 - Product has been added to the Wishlist
2021-11-22 15:28:57,070  INFO [main] BigSmall:47 - Title under All Of It is verified
2021-11-22 15:29:08,074  INFO [main] BigSmall:37 - Going to close the popup
2021-11-22 15:29:12,161  INFO [main] BigSmall:41 - closed the pop up
2021-11-22 15:29:12,197  INFO [main] BigSmall:49 - Product is present over there in WishList
2021-11-22 15:29:14,992  INFO [main] BigSmall:31 - Going to click on About us
2021-11-22 15:29:17,221  INFO [main] BigSmall:33 - cliclked on about us
2021-11-22 15:29:17,351  INFO [main] BigSmall:42 - Entered in About Us page
2021-11-22 15:29:32,426  INFO [main] BigSmall:47 - Gift Card has been added to the cart
2021-11-22 15:29:48,298  INFO [main] BigSmall:43 - Ttile Verfied and Data has been sent successfully
