2021-11-22 15:06:35,881  INFO [main] BigSmall:36 - Url has been hitted
2021-11-22 15:06:45,070  INFO [main] BigSmall:98 -  entered
2021-11-22 15:06:45,173  INFO [main] BigSmall:101 -  entered
2021-11-22 15:07:06,076  INFO [main] BigSmall:98 - simon@123 entered
2021-11-22 15:07:17,407  INFO [main] BigSmall:101 - abcd entered
2021-11-22 15:07:31,507  INFO [main] BigSmall:98 - JackNJill@gmail.com entered
2021-11-22 15:07:31,682  INFO [main] BigSmall:101 - JackNJill@123 entered
2021-11-22 15:07:40,065  INFO [main] BigSmall:31 - going to click on Pggggg
2021-11-22 15:07:56,252  INFO [main] BigSmall:56 - Successfully sorted the Price from High to low
2021-11-22 15:08:02,853  INFO [main] BigSmall:60 - Products has been Displayed
2021-11-22 15:09:09,801  INFO [main] BigSmall:78 - Returned to the Cart
2021-11-22 15:09:25,852  INFO [main] BigSmall:51 - Product has been added to the Wishlist
2021-11-22 15:09:34,937  INFO [main] BigSmall:47 - Title under All Of It is verified
2021-11-22 15:09:37,692  INFO [main] BigSmall:37 - Going to close the popup
2021-11-22 15:09:41,776  INFO [main] BigSmall:41 - closed the pop up
2021-11-22 15:09:41,820  INFO [main] BigSmall:49 - Product is present over there in WishList
2021-11-22 15:09:41,828  INFO [main] BigSmall:31 - Going to click on About us
2021-11-22 15:09:45,098  INFO [main] BigSmall:33 - cliclked on about us
2021-11-22 15:09:45,226  INFO [main] BigSmall:42 - Entered in About Us page
2021-11-22 15:09:54,526  INFO [main] BigSmall:47 - Gift Card has been added to the cart
2021-11-22 15:10:06,461  INFO [main] BigSmall:43 - Ttile Verfied and Data has been sent successfully
